<?xml version="1.0" encoding="UTF-8"?>
<testsuite xmlns:xsi="http://www.w3.org/2001/XMLSchema-instance" xsi:noNamespaceSchemaLocation="https://maven.apache.org/surefire/maven-surefire-plugin/xsd/surefire-test-report.xsd" name="za.wethinkcode.Tests.PositionTest" time="0.001" tests="7" errors="0" skipped="0" failures="0">
  <properties>
    <property name="java.specification.version" value="21"/>
    <property name="sun.jnu.encoding" value="UTF-8"/>
    <property name="java.class.path" value="/home/wethinkcode/Documents/projects/wethinkcode/cjc1_brownfields_2024/target/test-classes:/home/wethinkcode/Documents/projects/wethinkcode/cjc1_brownfields_2024/target/classes:/home/wethinkcode/.m2/repository/org/xerial/sqlite-jdbc/3.46.0.1/sqlite-jdbc-3.46.0.1.jar:/home/wethinkcode/.m2/repository/org/slf4j/slf4j-api/1.7.36/slf4j-api-1.7.36.jar:/home/wethinkcode/.m2/repository/io/javalin/javalin/5.6.0/javalin-5.6.0.jar:/home/wethinkcode/.m2/repository/org/jetbrains/annotations/24.0.1/annotations-24.0.1.jar:/home/wethinkcode/.m2/repository/org/eclipse/jetty/jetty-server/11.0.15/jetty-server-11.0.15.jar:/home/wethinkcode/.m2/repository/org/eclipse/jetty/toolchain/jetty-jakarta-servlet-api/5.0.2/jetty-jakarta-servlet-api-5.0.2.jar:/home/wethinkcode/.m2/repository/org/eclipse/jetty/jetty-http/11.0.15/jetty-http-11.0.15.jar:/home/wethinkcode/.m2/repository/org/eclipse/jetty/jetty-util/11.0.15/jetty-util-11.0.15.jar:/home/wethinkcode/.m2/repository/org/eclipse/jetty/jetty-io/11.0.15/jetty-io-11.0.15.jar:/home/wethinkcode/.m2/repository/org/eclipse/jetty/jetty-webapp/11.0.15/jetty-webapp-11.0.15.jar:/home/wethinkcode/.m2/repository/org/eclipse/jetty/jetty-servlet/11.0.15/jetty-servlet-11.0.15.jar:/home/wethinkcode/.m2/repository/org/eclipse/jetty/jetty-security/11.0.15/jetty-security-11.0.15.jar:/home/wethinkcode/.m2/repository/org/eclipse/jetty/jetty-xml/11.0.15/jetty-xml-11.0.15.jar:/home/wethinkcode/.m2/repository/org/eclipse/jetty/websocket/websocket-jetty-server/11.0.15/websocket-jetty-server-11.0.15.jar:/home/wethinkcode/.m2/repository/org/eclipse/jetty/websocket/websocket-jetty-common/11.0.15/websocket-jetty-common-11.0.15.jar:/home/wethinkcode/.m2/repository/org/eclipse/jetty/websocket/websocket-core-common/11.0.15/websocket-core-common-11.0.15.jar:/home/wethinkcode/.m2/repository/org/eclipse/jetty/websocket/websocket-servlet/11.0.15/websocket-servlet-11.0.15.jar:/home/wethinkcode/.m2/repository/org/eclipse/jetty/websocket/websocket-core-server/11.0.15/websocket-core-server-11.0.15.jar:/home/wethinkcode/.m2/repository/org/eclipse/jetty/jetty-annotations/11.0.15/jetty-annotations-11.0.15.jar:/home/wethinkcode/.m2/repository/org/eclipse/jetty/jetty-plus/11.0.15/jetty-plus-11.0.15.jar:/home/wethinkcode/.m2/repository/jakarta/transaction/jakarta.transaction-api/2.0.0/jakarta.transaction-api-2.0.0.jar:/home/wethinkcode/.m2/repository/org/eclipse/jetty/jetty-jndi/11.0.15/jetty-jndi-11.0.15.jar:/home/wethinkcode/.m2/repository/jakarta/annotation/jakarta.annotation-api/2.1.1/jakarta.annotation-api-2.1.1.jar:/home/wethinkcode/.m2/repository/org/ow2/asm/asm/9.5/asm-9.5.jar:/home/wethinkcode/.m2/repository/org/ow2/asm/asm-commons/9.5/asm-commons-9.5.jar:/home/wethinkcode/.m2/repository/org/ow2/asm/asm-tree/9.5/asm-tree-9.5.jar:/home/wethinkcode/.m2/repository/org/eclipse/jetty/websocket/websocket-jetty-api/11.0.15/websocket-jetty-api-11.0.15.jar:/home/wethinkcode/.m2/repository/org/jetbrains/kotlin/kotlin-stdlib-jdk8/1.8.21/kotlin-stdlib-jdk8-1.8.21.jar:/home/wethinkcode/.m2/repository/org/jetbrains/kotlin/kotlin-stdlib/1.8.21/kotlin-stdlib-1.8.21.jar:/home/wethinkcode/.m2/repository/org/jetbrains/kotlin/kotlin-stdlib-jdk7/1.8.21/kotlin-stdlib-jdk7-1.8.21.jar:/home/wethinkcode/.m2/repository/com/konghq/unirest-java/3.13.6/unirest-java-3.13.6.jar:/home/wethinkcode/.m2/repository/org/apache/httpcomponents/httpclient/4.5.13/httpclient-4.5.13.jar:/home/wethinkcode/.m2/repository/org/apache/httpcomponents/httpcore/4.4.13/httpcore-4.4.13.jar:/home/wethinkcode/.m2/repository/commons-logging/commons-logging/1.2/commons-logging-1.2.jar:/home/wethinkcode/.m2/repository/commons-codec/commons-codec/1.11/commons-codec-1.11.jar:/home/wethinkcode/.m2/repository/org/apache/httpcomponents/httpmime/4.5.13/httpmime-4.5.13.jar:/home/wethinkcode/.m2/repository/org/apache/httpcomponents/httpcore-nio/4.4.13/httpcore-nio-4.4.13.jar:/home/wethinkcode/.m2/repository/org/apache/httpcomponents/httpasyncclient/4.1.5/httpasyncclient-4.1.5.jar:/home/wethinkcode/.m2/repository/com/google/code/gson/gson/2.8.8/gson-2.8.8.jar:/home/wethinkcode/.m2/repository/org/junit/jupiter/junit-jupiter-engine/5.6.3/junit-jupiter-engine-5.6.3.jar:/home/wethinkcode/.m2/repository/org/apiguardian/apiguardian-api/1.1.0/apiguardian-api-1.1.0.jar:/home/wethinkcode/.m2/repository/org/junit/platform/junit-platform-engine/1.6.3/junit-platform-engine-1.6.3.jar:/home/wethinkcode/.m2/repository/org/opentest4j/opentest4j/1.2.0/opentest4j-1.2.0.jar:/home/wethinkcode/.m2/repository/org/junit/platform/junit-platform-commons/1.6.3/junit-platform-commons-1.6.3.jar:/home/wethinkcode/.m2/repository/org/junit/jupiter/junit-jupiter-api/5.6.3/junit-jupiter-api-5.6.3.jar:/home/wethinkcode/.m2/repository/org/junit/platform/junit-platform-launcher/1.6.3/junit-platform-launcher-1.6.3.jar:/home/wethinkcode/.m2/repository/org/junit/jupiter/junit-jupiter-params/5.7.0/junit-jupiter-params-5.7.0.jar:/home/wethinkcode/.m2/repository/com/fasterxml/jackson/core/jackson-databind/2.14.0/jackson-databind-2.14.0.jar:/home/wethinkcode/.m2/repository/com/fasterxml/jackson/core/jackson-annotations/2.14.0/jackson-annotations-2.14.0.jar:/home/wethinkcode/.m2/repository/com/fasterxml/jackson/core/jackson-core/2.14.0/jackson-core-2.14.0.jar:/home/wethinkcode/.m2/repository/org/mockito/mockito-junit-jupiter/3.6.28/mockito-junit-jupiter-3.6.28.jar:/home/wethinkcode/.m2/repository/org/mockito/mockito-core/3.6.28/mockito-core-3.6.28.jar:/home/wethinkcode/.m2/repository/net/bytebuddy/byte-buddy/1.10.18/byte-buddy-1.10.18.jar:/home/wethinkcode/.m2/repository/net/bytebuddy/byte-buddy-agent/1.10.18/byte-buddy-agent-1.10.18.jar:/home/wethinkcode/.m2/repository/org/objenesis/objenesis/3.1/objenesis-3.1.jar:/home/wethinkcode/.m2/repository/org/hexworks/zircon/zircon.core-jvm/2020.2.0-RELEASE/zircon.core-jvm-2020.2.0-RELEASE.jar:/home/wethinkcode/.m2/repository/org/jetbrains/kotlin/kotlin-reflect/1.4.10/kotlin-reflect-1.4.10.jar:/home/wethinkcode/.m2/repository/com/github/ben-manes/caffeine/caffeine/2.5.4/caffeine-2.5.4.jar:/home/wethinkcode/.m2/repository/org/yaml/snakeyaml/1.18/snakeyaml-1.18.jar:/home/wethinkcode/.m2/repository/org/jetbrains/kotlinx/kotlinx-coroutines-core-jvm/1.3.9/kotlinx-coroutines-core-jvm-1.3.9.jar:/home/wethinkcode/.m2/repository/org/jetbrains/kotlin/kotlin-stdlib-common/1.4.0/kotlin-stdlib-common-1.4.0.jar:/home/wethinkcode/.m2/repository/org/jetbrains/kotlinx/kotlinx-collections-immutable-jvm/0.3.3/kotlinx-collections-immutable-jvm-0.3.3.jar:/home/wethinkcode/.m2/repository/org/hexworks/cobalt/cobalt.core-jvm/2020.0.19-PREVIEW/cobalt.core-jvm-2020.0.19-PREVIEW.jar:/home/wethinkcode/.m2/repository/ch/qos/logback/logback-classic/1.2.3/logback-classic-1.2.3.jar:/home/wethinkcode/.m2/repository/ch/qos/logback/logback-core/1.2.3/logback-core-1.2.3.jar:/home/wethinkcode/.m2/repository/com/benasher44/uuid-jvm/0.2.2/uuid-jvm-0.2.2.jar:/home/wethinkcode/.m2/repository/org/hexworks/zircon/zircon.jvm.swing/2020.2.0-RELEASE/zircon.jvm.swing-2020.2.0-RELEASE.jar:/home/wethinkcode/.m2/repository/com/jhlabs/filters/2.0.235-1/filters-2.0.235-1.jar:/home/wethinkcode/.m2/repository/org/json/json/20220320/json-20220320.jar:/home/wethinkcode/.m2/repository/org/junit/jupiter/junit-jupiter/5.8.1/junit-jupiter-5.8.1.jar:/home/wethinkcode/.m2/repository/commons-cli/commons-cli/1.4/commons-cli-1.4.jar:"/>
    <property name="java.vm.vendor" value="Private Build"/>
    <property name="sun.arch.data.model" value="64"/>
    <property name="java.vendor.url" value="Unknown"/>
    <property name="os.name" value="Linux"/>
    <property name="java.vm.specification.version" value="21"/>
    <property name="sun.java.launcher" value="SUN_STANDARD"/>
    <property name="user.country" value="ZA"/>
    <property name="sun.boot.library.path" value="/usr/lib/jvm/java-21-openjdk-amd64/lib"/>
    <property name="sun.java.command" value="/home/wethinkcode/Documents/projects/wethinkcode/cjc1_brownfields_2024/target/surefire/surefirebooter10420295967590225534.jar /home/wethinkcode/Documents/projects/wethinkcode/cjc1_brownfields_2024/target/surefire 2024-08-23T09-49-12_734-jvmRun1 surefire15063820306528111358tmp surefire_08212089533150102817tmp"/>
    <property name="jdk.debug" value="release"/>
    <property name="surefire.test.class.path" value="/home/wethinkcode/Documents/projects/wethinkcode/cjc1_brownfields_2024/target/test-classes:/home/wethinkcode/Documents/projects/wethinkcode/cjc1_brownfields_2024/target/classes:/home/wethinkcode/.m2/repository/org/xerial/sqlite-jdbc/3.46.0.1/sqlite-jdbc-3.46.0.1.jar:/home/wethinkcode/.m2/repository/org/slf4j/slf4j-api/1.7.36/slf4j-api-1.7.36.jar:/home/wethinkcode/.m2/repository/io/javalin/javalin/5.6.0/javalin-5.6.0.jar:/home/wethinkcode/.m2/repository/org/jetbrains/annotations/24.0.1/annotations-24.0.1.jar:/home/wethinkcode/.m2/repository/org/eclipse/jetty/jetty-server/11.0.15/jetty-server-11.0.15.jar:/home/wethinkcode/.m2/repository/org/eclipse/jetty/toolchain/jetty-jakarta-servlet-api/5.0.2/jetty-jakarta-servlet-api-5.0.2.jar:/home/wethinkcode/.m2/repository/org/eclipse/jetty/jetty-http/11.0.15/jetty-http-11.0.15.jar:/home/wethinkcode/.m2/repository/org/eclipse/jetty/jetty-util/11.0.15/jetty-util-11.0.15.jar:/home/wethinkcode/.m2/repository/org/eclipse/jetty/jetty-io/11.0.15/jetty-io-11.0.15.jar:/home/wethinkcode/.m2/repository/org/eclipse/jetty/jetty-webapp/11.0.15/jetty-webapp-11.0.15.jar:/home/wethinkcode/.m2/repository/org/eclipse/jetty/jetty-servlet/11.0.15/jetty-servlet-11.0.15.jar:/home/wethinkcode/.m2/repository/org/eclipse/jetty/jetty-security/11.0.15/jetty-security-11.0.15.jar:/home/wethinkcode/.m2/repository/org/eclipse/jetty/jetty-xml/11.0.15/jetty-xml-11.0.15.jar:/home/wethinkcode/.m2/repository/org/eclipse/jetty/websocket/websocket-jetty-server/11.0.15/websocket-jetty-server-11.0.15.jar:/home/wethinkcode/.m2/repository/org/eclipse/jetty/websocket/websocket-jetty-common/11.0.15/websocket-jetty-common-11.0.15.jar:/home/wethinkcode/.m2/repository/org/eclipse/jetty/websocket/websocket-core-common/11.0.15/websocket-core-common-11.0.15.jar:/home/wethinkcode/.m2/repository/org/eclipse/jetty/websocket/websocket-servlet/11.0.15/websocket-servlet-11.0.15.jar:/home/wethinkcode/.m2/repository/org/eclipse/jetty/websocket/websocket-core-server/11.0.15/websocket-core-server-11.0.15.jar:/home/wethinkcode/.m2/repository/org/eclipse/jetty/jetty-annotations/11.0.15/jetty-annotations-11.0.15.jar:/home/wethinkcode/.m2/repository/org/eclipse/jetty/jetty-plus/11.0.15/jetty-plus-11.0.15.jar:/home/wethinkcode/.m2/repository/jakarta/transaction/jakarta.transaction-api/2.0.0/jakarta.transaction-api-2.0.0.jar:/home/wethinkcode/.m2/repository/org/eclipse/jetty/jetty-jndi/11.0.15/jetty-jndi-11.0.15.jar:/home/wethinkcode/.m2/repository/jakarta/annotation/jakarta.annotation-api/2.1.1/jakarta.annotation-api-2.1.1.jar:/home/wethinkcode/.m2/repository/org/ow2/asm/asm/9.5/asm-9.5.jar:/home/wethinkcode/.m2/repository/org/ow2/asm/asm-commons/9.5/asm-commons-9.5.jar:/home/wethinkcode/.m2/repository/org/ow2/asm/asm-tree/9.5/asm-tree-9.5.jar:/home/wethinkcode/.m2/repository/org/eclipse/jetty/websocket/websocket-jetty-api/11.0.15/websocket-jetty-api-11.0.15.jar:/home/wethinkcode/.m2/repository/org/jetbrains/kotlin/kotlin-stdlib-jdk8/1.8.21/kotlin-stdlib-jdk8-1.8.21.jar:/home/wethinkcode/.m2/repository/org/jetbrains/kotlin/kotlin-stdlib/1.8.21/kotlin-stdlib-1.8.21.jar:/home/wethinkcode/.m2/repository/org/jetbrains/kotlin/kotlin-stdlib-jdk7/1.8.21/kotlin-stdlib-jdk7-1.8.21.jar:/home/wethinkcode/.m2/repository/com/konghq/unirest-java/3.13.6/unirest-java-3.13.6.jar:/home/wethinkcode/.m2/repository/org/apache/httpcomponents/httpclient/4.5.13/httpclient-4.5.13.jar:/home/wethinkcode/.m2/repository/org/apache/httpcomponents/httpcore/4.4.13/httpcore-4.4.13.jar:/home/wethinkcode/.m2/repository/commons-logging/commons-logging/1.2/commons-logging-1.2.jar:/home/wethinkcode/.m2/repository/commons-codec/commons-codec/1.11/commons-codec-1.11.jar:/home/wethinkcode/.m2/repository/org/apache/httpcomponents/httpmime/4.5.13/httpmime-4.5.13.jar:/home/wethinkcode/.m2/repository/org/apache/httpcomponents/httpcore-nio/4.4.13/httpcore-nio-4.4.13.jar:/home/wethinkcode/.m2/repository/org/apache/httpcomponents/httpasyncclient/4.1.5/httpasyncclient-4.1.5.jar:/home/wethinkcode/.m2/repository/com/google/code/gson/gson/2.8.8/gson-2.8.8.jar:/home/wethinkcode/.m2/repository/org/junit/jupiter/junit-jupiter-engine/5.6.3/junit-jupiter-engine-5.6.3.jar:/home/wethinkcode/.m2/repository/org/apiguardian/apiguardian-api/1.1.0/apiguardian-api-1.1.0.jar:/home/wethinkcode/.m2/repository/org/junit/platform/junit-platform-engine/1.6.3/junit-platform-engine-1.6.3.jar:/home/wethinkcode/.m2/repository/org/opentest4j/opentest4j/1.2.0/opentest4j-1.2.0.jar:/home/wethinkcode/.m2/repository/org/junit/platform/junit-platform-commons/1.6.3/junit-platform-commons-1.6.3.jar:/home/wethinkcode/.m2/repository/org/junit/jupiter/junit-jupiter-api/5.6.3/junit-jupiter-api-5.6.3.jar:/home/wethinkcode/.m2/repository/org/junit/platform/junit-platform-launcher/1.6.3/junit-platform-launcher-1.6.3.jar:/home/wethinkcode/.m2/repository/org/junit/jupiter/junit-jupiter-params/5.7.0/junit-jupiter-params-5.7.0.jar:/home/wethinkcode/.m2/repository/com/fasterxml/jackson/core/jackson-databind/2.14.0/jackson-databind-2.14.0.jar:/home/wethinkcode/.m2/repository/com/fasterxml/jackson/core/jackson-annotations/2.14.0/jackson-annotations-2.14.0.jar:/home/wethinkcode/.m2/repository/com/fasterxml/jackson/core/jackson-core/2.14.0/jackson-core-2.14.0.jar:/home/wethinkcode/.m2/repository/org/mockito/mockito-junit-jupiter/3.6.28/mockito-junit-jupiter-3.6.28.jar:/home/wethinkcode/.m2/repository/org/mockito/mockito-core/3.6.28/mockito-core-3.6.28.jar:/home/wethinkcode/.m2/repository/net/bytebuddy/byte-buddy/1.10.18/byte-buddy-1.10.18.jar:/home/wethinkcode/.m2/repository/net/bytebuddy/byte-buddy-agent/1.10.18/byte-buddy-agent-1.10.18.jar:/home/wethinkcode/.m2/repository/org/objenesis/objenesis/3.1/objenesis-3.1.jar:/home/wethinkcode/.m2/repository/org/hexworks/zircon/zircon.core-jvm/2020.2.0-RELEASE/zircon.core-jvm-2020.2.0-RELEASE.jar:/home/wethinkcode/.m2/repository/org/jetbrains/kotlin/kotlin-reflect/1.4.10/kotlin-reflect-1.4.10.jar:/home/wethinkcode/.m2/repository/com/github/ben-manes/caffeine/caffeine/2.5.4/caffeine-2.5.4.jar:/home/wethinkcode/.m2/repository/org/yaml/snakeyaml/1.18/snakeyaml-1.18.jar:/home/wethinkcode/.m2/repository/org/jetbrains/kotlinx/kotlinx-coroutines-core-jvm/1.3.9/kotlinx-coroutines-core-jvm-1.3.9.jar:/home/wethinkcode/.m2/repository/org/jetbrains/kotlin/kotlin-stdlib-common/1.4.0/kotlin-stdlib-common-1.4.0.jar:/home/wethinkcode/.m2/repository/org/jetbrains/kotlinx/kotlinx-collections-immutable-jvm/0.3.3/kotlinx-collections-immutable-jvm-0.3.3.jar:/home/wethinkcode/.m2/repository/org/hexworks/cobalt/cobalt.core-jvm/2020.0.19-PREVIEW/cobalt.core-jvm-2020.0.19-PREVIEW.jar:/home/wethinkcode/.m2/repository/ch/qos/logback/logback-classic/1.2.3/logback-classic-1.2.3.jar:/home/wethinkcode/.m2/repository/ch/qos/logback/logback-core/1.2.3/logback-core-1.2.3.jar:/home/wethinkcode/.m2/repository/com/benasher44/uuid-jvm/0.2.2/uuid-jvm-0.2.2.jar:/home/wethinkcode/.m2/repository/org/hexworks/zircon/zircon.jvm.swing/2020.2.0-RELEASE/zircon.jvm.swing-2020.2.0-RELEASE.jar:/home/wethinkcode/.m2/repository/com/jhlabs/filters/2.0.235-1/filters-2.0.235-1.jar:/home/wethinkcode/.m2/repository/org/json/json/20220320/json-20220320.jar:/home/wethinkcode/.m2/repository/org/junit/jupiter/junit-jupiter/5.8.1/junit-jupiter-5.8.1.jar:/home/wethinkcode/.m2/repository/commons-cli/commons-cli/1.4/commons-cli-1.4.jar:"/>
    <property name="sun.cpu.endian" value="little"/>
    <property name="user.home" value="/home/wethinkcode"/>
    <property name="user.language" value="en"/>
    <property name="java.specification.vendor" value="Oracle Corporation"/>
    <property name="java.version.date" value="2024-01-16"/>
    <property name="java.home" value="/usr/lib/jvm/java-21-openjdk-amd64"/>
    <property name="file.separator" value="/"/>
    <property name="basedir" value="/home/wethinkcode/Documents/projects/wethinkcode/cjc1_brownfields_2024"/>
    <property name="java.vm.compressedOopsMode" value="Zero based"/>
    <property name="line.separator" value="&#10;"/>
    <property name="java.specification.name" value="Java Platform API Specification"/>
    <property name="java.vm.specification.vendor" value="Oracle Corporation"/>
    <property name="surefire.real.class.path" value="/home/wethinkcode/Documents/projects/wethinkcode/cjc1_brownfields_2024/target/surefire/surefirebooter10420295967590225534.jar"/>
    <property name="sun.management.compiler" value="HotSpot 64-Bit Tiered Compilers"/>
    <property name="java.runtime.version" value="21.0.2+13-Ubuntu-122.04.1"/>
    <property name="user.name" value="wethinkcode"/>
    <property name="stdout.encoding" value="UTF-8"/>
    <property name="path.separator" value=":"/>
    <property name="os.version" value="6.6.10-76060610-generic"/>
    <property name="java.runtime.name" value="OpenJDK Runtime Environment"/>
    <property name="file.encoding" value="UTF-8"/>
    <property name="java.vm.name" value="OpenJDK 64-Bit Server VM"/>
    <property name="localRepository" value="/home/wethinkcode/.m2/repository"/>
    <property name="java.vendor.url.bug" value="Unknown"/>
    <property name="java.io.tmpdir" value="/tmp"/>
    <property name="java.version" value="21.0.2"/>
    <property name="user.dir" value="/home/wethinkcode/Documents/projects/wethinkcode/cjc1_brownfields_2024"/>
    <property name="os.arch" value="amd64"/>
    <property name="java.vm.specification.name" value="Java Virtual Machine Specification"/>
    <property name="native.encoding" value="UTF-8"/>
    <property name="java.library.path" value="/usr/java/packages/lib:/usr/lib/x86_64-linux-gnu/jni:/lib/x86_64-linux-gnu:/usr/lib/x86_64-linux-gnu:/usr/lib/jni:/lib:/usr/lib"/>
    <property name="java.vm.info" value="mixed mode, sharing"/>
    <property name="stderr.encoding" value="UTF-8"/>
    <property name="java.vendor" value="Private Build"/>
    <property name="java.vm.version" value="21.0.2+13-Ubuntu-122.04.1"/>
    <property name="sun.io.unicode.encoding" value="UnicodeLittle"/>
    <property name="java.class.version" value="65.0"/>
  </properties>
  <testcase name="testNorthDirection" classname="za.wethinkcode.Tests.PositionTest" time="0"/>
  <testcase name="insideRectangularRegion" classname="za.wethinkcode.Tests.PositionTest" time="0"/>
  <testcase name="testSouthDirection" classname="za.wethinkcode.Tests.PositionTest" time="0"/>
  <testcase name="shouldKnowXandY" classname="za.wethinkcode.Tests.PositionTest" time="0"/>
  <testcase name="equality" classname="za.wethinkcode.Tests.PositionTest" time="0"/>
  <testcase name="testWestDirection" classname="za.wethinkcode.Tests.PositionTest" time="0"/>
  <testcase name="testEastDirection" classname="za.wethinkcode.Tests.PositionTest" time="0"/>
</testsuite>