<?xml version="1.0" encoding="UTF-8"?>
<testsuite xmlns:xsi="http://www.w3.org/2001/XMLSchema-instance" xsi:noNamespaceSchemaLocation="https://maven.apache.org/surefire/maven-surefire-plugin/xsd/surefire-test-report.xsd" name="za.wethinkcode.Tests.CommandTest" time="0.01" tests="7" errors="0" skipped="0" failures="0">
  <properties>
    <property name="java.specification.version" value="21"/>
    <property name="sun.jnu.encoding" value="UTF-8"/>
    <property name="java.class.path" value="/Users/macbookpro/Documents/projects/WETHINKCODE/cjc1_brownfields_2024/target/test-classes:/Users/macbookpro/Documents/projects/WETHINKCODE/cjc1_brownfields_2024/target/classes:/Users/macbookpro/.m2/repository/org/junit/jupiter/junit-jupiter-engine/5.6.3/junit-jupiter-engine-5.6.3.jar:/Users/macbookpro/.m2/repository/org/apiguardian/apiguardian-api/1.1.0/apiguardian-api-1.1.0.jar:/Users/macbookpro/.m2/repository/org/junit/platform/junit-platform-engine/1.6.3/junit-platform-engine-1.6.3.jar:/Users/macbookpro/.m2/repository/org/opentest4j/opentest4j/1.2.0/opentest4j-1.2.0.jar:/Users/macbookpro/.m2/repository/org/junit/platform/junit-platform-commons/1.6.3/junit-platform-commons-1.6.3.jar:/Users/macbookpro/.m2/repository/org/junit/jupiter/junit-jupiter-api/5.6.3/junit-jupiter-api-5.6.3.jar:/Users/macbookpro/.m2/repository/org/junit/platform/junit-platform-launcher/1.6.3/junit-platform-launcher-1.6.3.jar:/Users/macbookpro/.m2/repository/org/junit/jupiter/junit-jupiter-params/5.7.0/junit-jupiter-params-5.7.0.jar:/Users/macbookpro/.m2/repository/com/fasterxml/jackson/core/jackson-databind/2.14.0/jackson-databind-2.14.0.jar:/Users/macbookpro/.m2/repository/com/fasterxml/jackson/core/jackson-annotations/2.14.0/jackson-annotations-2.14.0.jar:/Users/macbookpro/.m2/repository/com/fasterxml/jackson/core/jackson-core/2.14.0/jackson-core-2.14.0.jar:/Users/macbookpro/.m2/repository/org/mockito/mockito-junit-jupiter/3.6.28/mockito-junit-jupiter-3.6.28.jar:/Users/macbookpro/.m2/repository/org/mockito/mockito-core/3.6.28/mockito-core-3.6.28.jar:/Users/macbookpro/.m2/repository/net/bytebuddy/byte-buddy/1.10.18/byte-buddy-1.10.18.jar:/Users/macbookpro/.m2/repository/net/bytebuddy/byte-buddy-agent/1.10.18/byte-buddy-agent-1.10.18.jar:/Users/macbookpro/.m2/repository/org/objenesis/objenesis/3.1/objenesis-3.1.jar:/Users/macbookpro/.m2/repository/org/turtle/java-turtle/1.0/java-turtle-1.0.jar:/Users/macbookpro/.m2/repository/org/hexworks/zircon/zircon.core-jvm/2020.2.0-RELEASE/zircon.core-jvm-2020.2.0-RELEASE.jar:/Users/macbookpro/.m2/repository/org/jetbrains/kotlin/kotlin-reflect/1.4.10/kotlin-reflect-1.4.10.jar:/Users/macbookpro/.m2/repository/org/jetbrains/kotlin/kotlin-stdlib/1.4.10/kotlin-stdlib-1.4.10.jar:/Users/macbookpro/.m2/repository/org/jetbrains/annotations/13.0/annotations-13.0.jar:/Users/macbookpro/.m2/repository/com/github/ben-manes/caffeine/caffeine/2.5.4/caffeine-2.5.4.jar:/Users/macbookpro/.m2/repository/org/yaml/snakeyaml/1.18/snakeyaml-1.18.jar:/Users/macbookpro/.m2/repository/org/slf4j/slf4j-api/1.7.25/slf4j-api-1.7.25.jar:/Users/macbookpro/.m2/repository/org/jetbrains/kotlin/kotlin-stdlib-jdk8/1.4.10/kotlin-stdlib-jdk8-1.4.10.jar:/Users/macbookpro/.m2/repository/org/jetbrains/kotlin/kotlin-stdlib-jdk7/1.4.10/kotlin-stdlib-jdk7-1.4.10.jar:/Users/macbookpro/.m2/repository/org/jetbrains/kotlinx/kotlinx-coroutines-core-jvm/1.3.9/kotlinx-coroutines-core-jvm-1.3.9.jar:/Users/macbookpro/.m2/repository/org/jetbrains/kotlin/kotlin-stdlib-common/1.4.0/kotlin-stdlib-common-1.4.0.jar:/Users/macbookpro/.m2/repository/org/jetbrains/kotlinx/kotlinx-collections-immutable-jvm/0.3.3/kotlinx-collections-immutable-jvm-0.3.3.jar:/Users/macbookpro/.m2/repository/org/hexworks/cobalt/cobalt.core-jvm/2020.0.19-PREVIEW/cobalt.core-jvm-2020.0.19-PREVIEW.jar:/Users/macbookpro/.m2/repository/ch/qos/logback/logback-classic/1.2.3/logback-classic-1.2.3.jar:/Users/macbookpro/.m2/repository/ch/qos/logback/logback-core/1.2.3/logback-core-1.2.3.jar:/Users/macbookpro/.m2/repository/com/benasher44/uuid-jvm/0.2.2/uuid-jvm-0.2.2.jar:/Users/macbookpro/.m2/repository/org/hexworks/zircon/zircon.jvm.swing/2020.2.0-RELEASE/zircon.jvm.swing-2020.2.0-RELEASE.jar:/Users/macbookpro/.m2/repository/com/jhlabs/filters/2.0.235-1/filters-2.0.235-1.jar:/Users/macbookpro/.m2/repository/org/json/json/20220320/json-20220320.jar:/Users/macbookpro/.m2/repository/org/junit/jupiter/junit-jupiter/5.8.1/junit-jupiter-5.8.1.jar:"/>
    <property name="java.vm.vendor" value="Oracle Corporation"/>
    <property name="sun.arch.data.model" value="64"/>
    <property name="java.vendor.url" value="https://java.oracle.com/"/>
    <property name="os.name" value="Mac OS X"/>
    <property name="java.vm.specification.version" value="21"/>
    <property name="sun.java.launcher" value="SUN_STANDARD"/>
    <property name="user.country" value="ZA"/>
    <property name="sun.boot.library.path" value="/Users/macbookpro/Downloads/jdk-21.0.3.jdk/Contents/Home/lib"/>
    <property name="sun.java.command" value="/Users/macbookpro/Documents/projects/WETHINKCODE/cjc1_brownfields_2024/target/surefire/surefirebooter1350827942345115690.jar /Users/macbookpro/Documents/projects/WETHINKCODE/cjc1_brownfields_2024/target/surefire 2024-07-19T12-18-12_632-jvmRun1 surefire13016154532504200342tmp surefire_02713694138344196111tmp"/>
    <property name="http.nonProxyHosts" value="local|*.local|169.254/16|*.169.254/16"/>
    <property name="jdk.debug" value="release"/>
    <property name="surefire.test.class.path" value="/Users/macbookpro/Documents/projects/WETHINKCODE/cjc1_brownfields_2024/target/test-classes:/Users/macbookpro/Documents/projects/WETHINKCODE/cjc1_brownfields_2024/target/classes:/Users/macbookpro/.m2/repository/org/junit/jupiter/junit-jupiter-engine/5.6.3/junit-jupiter-engine-5.6.3.jar:/Users/macbookpro/.m2/repository/org/apiguardian/apiguardian-api/1.1.0/apiguardian-api-1.1.0.jar:/Users/macbookpro/.m2/repository/org/junit/platform/junit-platform-engine/1.6.3/junit-platform-engine-1.6.3.jar:/Users/macbookpro/.m2/repository/org/opentest4j/opentest4j/1.2.0/opentest4j-1.2.0.jar:/Users/macbookpro/.m2/repository/org/junit/platform/junit-platform-commons/1.6.3/junit-platform-commons-1.6.3.jar:/Users/macbookpro/.m2/repository/org/junit/jupiter/junit-jupiter-api/5.6.3/junit-jupiter-api-5.6.3.jar:/Users/macbookpro/.m2/repository/org/junit/platform/junit-platform-launcher/1.6.3/junit-platform-launcher-1.6.3.jar:/Users/macbookpro/.m2/repository/org/junit/jupiter/junit-jupiter-params/5.7.0/junit-jupiter-params-5.7.0.jar:/Users/macbookpro/.m2/repository/com/fasterxml/jackson/core/jackson-databind/2.14.0/jackson-databind-2.14.0.jar:/Users/macbookpro/.m2/repository/com/fasterxml/jackson/core/jackson-annotations/2.14.0/jackson-annotations-2.14.0.jar:/Users/macbookpro/.m2/repository/com/fasterxml/jackson/core/jackson-core/2.14.0/jackson-core-2.14.0.jar:/Users/macbookpro/.m2/repository/org/mockito/mockito-junit-jupiter/3.6.28/mockito-junit-jupiter-3.6.28.jar:/Users/macbookpro/.m2/repository/org/mockito/mockito-core/3.6.28/mockito-core-3.6.28.jar:/Users/macbookpro/.m2/repository/net/bytebuddy/byte-buddy/1.10.18/byte-buddy-1.10.18.jar:/Users/macbookpro/.m2/repository/net/bytebuddy/byte-buddy-agent/1.10.18/byte-buddy-agent-1.10.18.jar:/Users/macbookpro/.m2/repository/org/objenesis/objenesis/3.1/objenesis-3.1.jar:/Users/macbookpro/.m2/repository/org/turtle/java-turtle/1.0/java-turtle-1.0.jar:/Users/macbookpro/.m2/repository/org/hexworks/zircon/zircon.core-jvm/2020.2.0-RELEASE/zircon.core-jvm-2020.2.0-RELEASE.jar:/Users/macbookpro/.m2/repository/org/jetbrains/kotlin/kotlin-reflect/1.4.10/kotlin-reflect-1.4.10.jar:/Users/macbookpro/.m2/repository/org/jetbrains/kotlin/kotlin-stdlib/1.4.10/kotlin-stdlib-1.4.10.jar:/Users/macbookpro/.m2/repository/org/jetbrains/annotations/13.0/annotations-13.0.jar:/Users/macbookpro/.m2/repository/com/github/ben-manes/caffeine/caffeine/2.5.4/caffeine-2.5.4.jar:/Users/macbookpro/.m2/repository/org/yaml/snakeyaml/1.18/snakeyaml-1.18.jar:/Users/macbookpro/.m2/repository/org/slf4j/slf4j-api/1.7.25/slf4j-api-1.7.25.jar:/Users/macbookpro/.m2/repository/org/jetbrains/kotlin/kotlin-stdlib-jdk8/1.4.10/kotlin-stdlib-jdk8-1.4.10.jar:/Users/macbookpro/.m2/repository/org/jetbrains/kotlin/kotlin-stdlib-jdk7/1.4.10/kotlin-stdlib-jdk7-1.4.10.jar:/Users/macbookpro/.m2/repository/org/jetbrains/kotlinx/kotlinx-coroutines-core-jvm/1.3.9/kotlinx-coroutines-core-jvm-1.3.9.jar:/Users/macbookpro/.m2/repository/org/jetbrains/kotlin/kotlin-stdlib-common/1.4.0/kotlin-stdlib-common-1.4.0.jar:/Users/macbookpro/.m2/repository/org/jetbrains/kotlinx/kotlinx-collections-immutable-jvm/0.3.3/kotlinx-collections-immutable-jvm-0.3.3.jar:/Users/macbookpro/.m2/repository/org/hexworks/cobalt/cobalt.core-jvm/2020.0.19-PREVIEW/cobalt.core-jvm-2020.0.19-PREVIEW.jar:/Users/macbookpro/.m2/repository/ch/qos/logback/logback-classic/1.2.3/logback-classic-1.2.3.jar:/Users/macbookpro/.m2/repository/ch/qos/logback/logback-core/1.2.3/logback-core-1.2.3.jar:/Users/macbookpro/.m2/repository/com/benasher44/uuid-jvm/0.2.2/uuid-jvm-0.2.2.jar:/Users/macbookpro/.m2/repository/org/hexworks/zircon/zircon.jvm.swing/2020.2.0-RELEASE/zircon.jvm.swing-2020.2.0-RELEASE.jar:/Users/macbookpro/.m2/repository/com/jhlabs/filters/2.0.235-1/filters-2.0.235-1.jar:/Users/macbookpro/.m2/repository/org/json/json/20220320/json-20220320.jar:/Users/macbookpro/.m2/repository/org/junit/jupiter/junit-jupiter/5.8.1/junit-jupiter-5.8.1.jar:"/>
    <property name="sun.cpu.endian" value="little"/>
    <property name="user.home" value="/Users/macbookpro"/>
    <property name="user.language" value="en"/>
    <property name="java.specification.vendor" value="Oracle Corporation"/>
    <property name="java.version.date" value="2024-04-16"/>
    <property name="java.home" value="/Users/macbookpro/Downloads/jdk-21.0.3.jdk/Contents/Home"/>
    <property name="file.separator" value="/"/>
    <property name="basedir" value="/Users/macbookpro/Documents/projects/WETHINKCODE/cjc1_brownfields_2024"/>
    <property name="java.vm.compressedOopsMode" value="Zero based"/>
    <property name="line.separator" value="&#10;"/>
    <property name="java.vm.specification.vendor" value="Oracle Corporation"/>
    <property name="java.specification.name" value="Java Platform API Specification"/>
    <property name="apple.awt.application.name" value="ForkedBooter"/>
    <property name="surefire.real.class.path" value="/Users/macbookpro/Documents/projects/WETHINKCODE/cjc1_brownfields_2024/target/surefire/surefirebooter1350827942345115690.jar"/>
    <property name="sun.management.compiler" value="HotSpot 64-Bit Tiered Compilers"/>
    <property name="ftp.nonProxyHosts" value="local|*.local|169.254/16|*.169.254/16"/>
    <property name="java.runtime.version" value="21.0.3+7-LTS-152"/>
    <property name="user.name" value="macbookpro"/>
    <property name="stdout.encoding" value="UTF-8"/>
    <property name="path.separator" value=":"/>
    <property name="os.version" value="10.15.5"/>
    <property name="java.runtime.name" value="Java(TM) SE Runtime Environment"/>
    <property name="file.encoding" value="UTF-8"/>
    <property name="java.vm.name" value="Java HotSpot(TM) 64-Bit Server VM"/>
    <property name="localRepository" value="/Users/macbookpro/.m2/repository"/>
    <property name="java.vendor.url.bug" value="https://bugreport.java.com/bugreport/"/>
    <property name="java.io.tmpdir" value="/var/folders/rn/72hss5ks40g7l810y0_8ht4r0000gn/T/"/>
    <property name="java.version" value="21.0.3"/>
    <property name="user.dir" value="/Users/macbookpro/Documents/projects/WETHINKCODE/cjc1_brownfields_2024"/>
    <property name="os.arch" value="x86_64"/>
    <property name="java.vm.specification.name" value="Java Virtual Machine Specification"/>
    <property name="native.encoding" value="UTF-8"/>
    <property name="java.library.path" value="/Users/macbookpro/Library/Java/Extensions:/Library/Java/Extensions:/Network/Library/Java/Extensions:/System/Library/Java/Extensions:/usr/lib/java:."/>
    <property name="java.vm.info" value="mixed mode, sharing"/>
    <property name="stderr.encoding" value="UTF-8"/>
    <property name="java.vendor" value="Oracle Corporation"/>
    <property name="java.vm.version" value="21.0.3+7-LTS-152"/>
    <property name="sun.io.unicode.encoding" value="UnicodeBig"/>
    <property name="socksNonProxyHosts" value="local|*.local|169.254/16|*.169.254/16"/>
    <property name="java.class.version" value="65.0"/>
  </properties>
  <testcase name="testBackward" classname="za.wethinkcode.Tests.CommandTest" time="0"/>
  <testcase name="testRight" classname="za.wethinkcode.Tests.CommandTest" time="0.001"/>
  <testcase name="TestHelp" classname="za.wethinkcode.Tests.CommandTest" time="0"/>
  <testcase name="TestLeft" classname="za.wethinkcode.Tests.CommandTest" time="0"/>
  <testcase name="TestQuit" classname="za.wethinkcode.Tests.CommandTest" time="0.003"/>
  <testcase name="testForward" classname="za.wethinkcode.Tests.CommandTest" time="0.002"/>
  <testcase name="TestLookGetAbsolutePosition" classname="za.wethinkcode.Tests.CommandTest" time="0.001"/>
</testsuite>